#
# A fatal error has been detected by the Java Runtime Environment:
#
#  EXCEPTION_ACCESS_VIOLATION (0xc0000005) at pc=0x000000005d0fa940, pid=12496, tid=0x0000000000003540
#
# JRE version: OpenJDK Runtime Environment (8.0_152-b01) (build 1.8.0_152-release-1248-b01)
# Java VM: OpenJDK 64-Bit Server VM (25.152-b01 mixed mode windows-amd64 compressed oops)
# Problematic frame:
# V  [jvm.dll+0x8a940]
#
# Failed to write core dump. Minidumps are not enabled by default on client versions of Windows
#
# If you would like to submit a bug report, please visit:
#   http://bugreport.java.com/bugreport/crash.jsp
#

---------------  T H R E A D  ---------------

Current thread (0x0000000002d8d000):  GCTaskThread [stack: 0x0000000012a40000,0x0000000012b40000] [id=13632]

siginfo: ExceptionCode=0xc0000005, reading address 0x0000000000000008

Registers:
RAX=0x0000000000000000, RBX=0x00000000e3b81028, RCX=0x00000000e3b81028, RDX=0x0000000000000000
RSP=0x0000000012b3fad8, RBP=0x0000000000000000, RSI=0x00000000167a4780, RDI=0x000017f800001c87
R8 =0x00000000167a4780, R9 =0x0000000000000009, R10=0x0000000000000008, R11=0x0000000000000000
R12=0x000000005d6862c8, R13=0x0000000000000000, R14=0x0000000000000000, R15=0x0000000002d8d430
RIP=0x000000005d0fa940, EFLAGS=0x0000000000010246

Top of Stack: (sp=0x0000000012b3fad8)
0x0000000012b3fad8:   000000005d43ca32 00000000e3b817f8
0x0000000012b3fae8:   0000000000000006 00000000167a4780
0x0000000012b3faf8:   00000000038a90b8 000000005d618ed8
0x0000000012b3fb08:   000000005d43d17b 00000000a5ba23c0
0x0000000012b3fb18:   0000000000000400 0000000000000000
0x0000000012b3fb28:   0000000002d7e801 000000005d6862c8
0x0000000012b3fb38:   000000005d43cda0 00000000a5ba428c
0x0000000012b3fb48:   0000000000000000 00000000167a4780
0x0000000012b3fb58:   000017f800001c87 00000000a5ba428c
0x0000000012b3fb68:   000000005d43d775 00000000e3b9eaf8
0x0000000012b3fb78:   0000000000000000 00000000167a4780
0x0000000012b3fb88:   000000005d43ccb1 000017f800001c87
0x0000000012b3fb98:   0000000000000006 00000000167a4780
0x0000000012b3fba8:   000017f800001c87 000000001fdd37e0
0x0000000012b3fbb8:   000017f700001c87 00002c8b0000117f
0x0000000012b3fbc8:   00002c8b0000117f 0000000002d8d420 

Instructions: (pc=0x000000005d0fa940)
0x000000005d0fa920:   ac 50 1d 00 48 8b 9c 24 c0 00 00 00 48 81 c4 b0
0x000000005d0fa930:   00 00 00 5d c3 cc cc cc cc cc cc cc cc cc cc cc
0x000000005d0fa940:   44 8b 42 08 4c 8b ca 45 85 c0 7e 0e 41 f6 c0 01
0x000000005d0fa950:   75 57 41 c1 f8 03 41 8b c0 c3 79 4d 80 3d 9e 10 


Register to memory mapping:

RAX=0x0000000000000000 is an unknown value
RBX=0x00000000e3b81028 is an unknown value
RCX=0x00000000e3b81028 is an unknown value
RDX=0x0000000000000000 is an unknown value
RSP=0x0000000012b3fad8 is an unknown value
RBP=0x0000000000000000 is an unknown value
RSI=0x00000000167a4780 is an unknown value
RDI=0x000017f800001c87 is an unknown value
R8 =0x00000000167a4780 is an unknown value
R9 =0x0000000000000009 is an unknown value
R10=0x0000000000000008 is an unknown value
R11=0x0000000000000000 is an unknown value
R12=0x000000005d6862c8 is an unknown value
R13=0x0000000000000000 is an unknown value
R14=0x0000000000000000 is an unknown value
R15=0x0000000002d8d430 is an unknown value


Stack: [0x0000000012a40000,0x0000000012b40000],  sp=0x0000000012b3fad8,  free space=1022k
Native frames: (J=compiled Java code, j=interpreted, Vv=VM code, C=native code)


---------------  P R O C E S S  ---------------

Java Threads: ( => current thread )
  0x0000000026f71800 JavaThread "RMI TCP Connection(10)-127.0.0.1" daemon [_thread_in_native, id=9640, stack(0x0000000029440000,0x0000000029540000)]
  0x000000001cf30800 JavaThread "RMI TCP Connection(9)-127.0.0.1" daemon [_thread_in_native, id=11504, stack(0x0000000029240000,0x0000000029340000)]
  0x000000001b94a800 JavaThread "stdout" daemon [_thread_in_native, id=14000, stack(0x0000000029140000,0x0000000029240000)]
  0x000000001b946000 JavaThread "stderr" daemon [_thread_in_native, id=8376, stack(0x0000000029040000,0x0000000029140000)]
  0x000000001b946800 JavaThread "stdout" daemon [_thread_in_native, id=13984, stack(0x0000000028f40000,0x0000000029040000)]
  0x000000001cf35000 JavaThread "stderr" daemon [_thread_in_native, id=3468, stack(0x0000000028e40000,0x0000000028f40000)]
  0x000000001cf33800 JavaThread "pool-3-thread-1" [_thread_blocked, id=2676, stack(0x0000000028d40000,0x0000000028e40000)]
  0x000000001cf2c800 JavaThread "Cache worker for Build Output Cleanup Cache (T:\projekty\AndroidStudioProjects\KawernaApp\.gradle\buildOutputCleanup)" [_thread_blocked, id=2576, stack(0x00000000269a0000,0x0000000026aa0000)]
  0x000000001f189000 JavaThread "Cache worker for task history cache (T:\projekty\AndroidStudioProjects\KawernaApp\.gradle\4.10.1\taskHistory)" [_thread_blocked, id=7620, stack(0x00000000268a0000,0x00000000269a0000)]
  0x000000001f18a800 JavaThread "Task worker for ':' Thread 3" [_thread_blocked, id=2896, stack(0x00000000267a0000,0x00000000268a0000)]
  0x000000001f189800 JavaThread "Task worker for ':' Thread 2" [_thread_blocked, id=14296, stack(0x00000000266a0000,0x00000000267a0000)]
  0x000000001f181800 JavaThread "Task worker for ':'" [_thread_blocked, id=9160, stack(0x00000000265a0000,0x00000000266a0000)]
  0x000000001f188000 JavaThread "Cache worker for file content cache (T:\projekty\AndroidStudioProjects\KawernaApp\.gradle\4.10.1\fileContent)" [_thread_blocked, id=9672, stack(0x00000000264a0000,0x00000000265a0000)]
  0x000000001f180800 JavaThread "Build operations Thread 4" [_thread_blocked, id=12988, stack(0x00000000263a0000,0x00000000264a0000)]
  0x000000001f187800 JavaThread "Build operations Thread 3" [_thread_blocked, id=9628, stack(0x00000000262a0000,0x00000000263a0000)]
  0x000000001f186800 JavaThread "Build operations Thread 2" [_thread_blocked, id=12556, stack(0x00000000261a0000,0x00000000262a0000)]
  0x000000001f185000 JavaThread "Build operations" [_thread_blocked, id=11856, stack(0x00000000260a0000,0x00000000261a0000)]
  0x000000001f186000 JavaThread "Cache worker for cache directory md-rule (C:\Users\tomas\.gradle\caches\4.10.1\md-rule)" [_thread_blocked, id=700, stack(0x0000000025fa0000,0x00000000260a0000)]
  0x000000001f17d000 JavaThread "Cache worker for cache directory md-supplier (C:\Users\tomas\.gradle\caches\4.10.1\md-supplier)" [_thread_blocked, id=2196, stack(0x0000000025ea0000,0x0000000025fa0000)]
  0x000000001f183800 JavaThread "Cache worker for file hash cache (T:\projekty\AndroidStudioProjects\KawernaApp\.gradle\4.10.1\fileHashes)" [_thread_blocked, id=12112, stack(0x0000000025da0000,0x0000000025ea0000)]
  0x000000001f183000 JavaThread "Asynchronous log dispatcher for DefaultDaemonConnection: socket connection from /127.0.0.1:51069 to /127.0.0.1:51334" [_thread_blocked, id=9872, stack(0x0000000025ba0000,0x0000000025ca0000)]
  0x000000001f17e800 JavaThread "Daemon worker Thread 2" [_thread_blocked, id=11476, stack(0x0000000025aa0000,0x0000000025ba0000)]
  0x000000001f17f000 JavaThread "Cancel handler" [_thread_blocked, id=13548, stack(0x00000000259a0000,0x0000000025aa0000)]
  0x000000001f182000 JavaThread "Handler for socket connection from /127.0.0.1:51069 to /127.0.0.1:51334" [_thread_in_native, id=13760, stack(0x00000000258a0000,0x00000000259a0000)]
  0x000000001f17d800 JavaThread "Daemon Thread 2" [_thread_blocked, id=9376, stack(0x00000000257a0000,0x00000000258a0000)]
  0x000000001f180000 JavaThread "pool-1-thread-1" [_thread_blocked, id=1668, stack(0x00000000252a0000,0x00000000253a0000)]
  0x000000001cf32800 JavaThread "RMI Reaper" [_thread_blocked, id=10648, stack(0x0000000023ea0000,0x0000000023fa0000)]
  0x000000001cf34000 JavaThread "RMI TCP Accept-0" daemon [_thread_in_native, id=9788, stack(0x0000000023da0000,0x0000000023ea0000)]
  0x000000001cf2b000 JavaThread "GC Daemon" daemon [_thread_blocked, id=13852, stack(0x0000000023ca0000,0x0000000023da0000)]
  0x000000001cf32000 JavaThread "RMI RenewClean-[127.0.0.1:17648,org.jetbrains.kotlin.daemon.common.LoopbackNetworkInterface$ClientLoopbackSocketFactory@9fed86e]" daemon [_thread_blocked, id=9656, stack(0x0000000023ba0000,0x0000000023ca0000)]
  0x000000001cf31000 JavaThread "RMI Scheduler(0)" daemon [_thread_blocked, id=6132, stack(0x0000000023aa0000,0x0000000023ba0000)]
  0x000000001cf2a800 JavaThread "Cache worker for file content cache (C:\Users\tomas\.gradle\caches\4.10.1\fileContent)" [_thread_blocked, id=12220, stack(0x0000000022ca0000,0x0000000022da0000)]
  0x000000001cf27800 JavaThread "Memory manager" [_thread_blocked, id=13708, stack(0x00000000229a0000,0x0000000022aa0000)]
  0x000000001b948000 JavaThread "Cache worker for Artifact transforms cache (C:\Users\tomas\.gradle\caches\transforms-1)" [_thread_blocked, id=980, stack(0x000000001f3e0000,0x000000001f4e0000)]
  0x000000001b944800 JavaThread "Cache worker for journal cache (C:\Users\tomas\.gradle\caches\journal-1)" [_thread_blocked, id=6884, stack(0x000000001d970000,0x000000001da70000)]
  0x0000000018b83000 JavaThread "File lock request listener" [_thread_in_native, id=7720, stack(0x000000001d770000,0x000000001d870000)]
  0x0000000019e95000 JavaThread "Cache worker for file hash cache (C:\Users\tomas\.gradle\caches\4.10.1\fileHashes)" [_thread_blocked, id=12928, stack(0x000000001c1f0000,0x000000001c2f0000)]
  0x0000000019764800 JavaThread "Daemon periodic checks" [_thread_blocked, id=6176, stack(0x000000001a6a0000,0x000000001a7a0000)]
  0x0000000019746000 JavaThread "Incoming local TCP Connector on port 51069" [_thread_in_native, id=4844, stack(0x000000001a450000,0x000000001a550000)]
  0x000000001816e000 JavaThread "Service Thread" daemon [_thread_blocked, id=13948, stack(0x0000000018540000,0x0000000018640000)]
  0x00000000167ea800 JavaThread "C1 CompilerThread2" daemon [_thread_blocked, id=10432, stack(0x0000000018040000,0x0000000018140000)]
  0x00000000167e6000 JavaThread "C2 CompilerThread1" daemon [_thread_blocked, id=3240, stack(0x0000000017f40000,0x0000000018040000)]
  0x00000000167df000 JavaThread "C2 CompilerThread0" daemon [_thread_blocked, id=4492, stack(0x0000000017e40000,0x0000000017f40000)]
  0x00000000167dc800 JavaThread "Attach Listener" daemon [_thread_blocked, id=7088, stack(0x0000000017d40000,0x0000000017e40000)]
  0x00000000167db000 JavaThread "Signal Dispatcher" daemon [_thread_blocked, id=9360, stack(0x0000000017c40000,0x0000000017d40000)]
  0x0000000002e6b800 JavaThread "Finalizer" daemon [_thread_blocked, id=14148, stack(0x0000000017a30000,0x0000000017b30000)]
  0x0000000002e60800 JavaThread "Reference Handler" daemon [_thread_blocked, id=10748, stack(0x0000000017930000,0x0000000017a30000)]
  0x0000000002d6e000 JavaThread "main" [_thread_blocked, id=10264, stack(0x0000000002ba0000,0x0000000002ca0000)]

Other Threads:
  0x00000000167a7000 VMThread [stack: 0x0000000017830000,0x0000000017930000] [id=13472]
  0x000000001818c800 WatcherThread [stack: 0x0000000018640000,0x0000000018740000] [id=4372]

=>0x0000000002d8d000 (exited) GCTaskThread [stack: 0x0000000012a40000,0x0000000012b40000] [id=13632]

VM state:at safepoint (normal execution)

VM Mutex/Monitor currently owned by a thread:  ([mutex/lock_event])
[0x0000000002d6d530] Threads_lock - owner thread: 0x00000000167a7000
[0x0000000002d6d430] Heap_lock - owner thread: 0x000000001f18a800

Heap:
 PSYoungGen      total 169472K, used 103067K [0x00000000e0000000, 0x00000000ec380000, 0x0000000100000000)
  eden space 148992K, 55% used [0x00000000e0000000,0x00000000e50ae9a0,0x00000000e9180000)
  from space 20480K, 99% used [0x00000000eac80000,0x00000000ec078650,0x00000000ec080000)
  to   space 3072K, 99% used [0x00000000ec080000,0x00000000ec37ddb8,0x00000000ec380000)
 ParOldGen       total 128512K, used 96858K [0x00000000a0000000, 0x00000000a7d80000, 0x00000000e0000000)
  object space 128512K, 75% used [0x00000000a0000000,0x00000000a5e969c0,0x00000000a7d80000)
 Metaspace       used 95373K, capacity 98475K, committed 98600K, reserved 1134592K
  class space    used 12548K, capacity 13193K, committed 13216K, reserved 1048576K

Card table byte_map: [0x0000000012230000,0x0000000012540000] byte_map_base: 0x0000000011d30000

Marking Bits: (ParMarkBitMap*) 0x000000005d835aa0
 Begin Bits: [0x0000000012b40000, 0x0000000014340000)
 End Bits:   [0x0000000014340000, 0x0000000015b40000)

Polling page: 0x0000000002ca0000

CodeCache: size=245760Kb used=36978Kb max_used=37026Kb free=208781Kb
 bounds [0x0000000002e70000, 0x0000000005300000, 0x0000000011e70000]
 total_blobs=12444 nmethods=11514 adapters=842
 compilation: enabled

Compilation events (10 events):
Event: 1579.408 Thread 0x00000000167e6000 nmethod 13581 0x0000000003e45890 code [0x0000000003e45b40, 0x0000000003e481c0]
Event: 1579.408 Thread 0x00000000167e6000 13628       4       javax.lang.model.util.ElementScanner6::scan (48 bytes)
Event: 1579.447 Thread 0x00000000167ea800 13648       1       sun.nio.cs.UTF_8::historicalName (3 bytes)
Event: 1579.447 Thread 0x00000000167ea800 nmethod 13648 0x0000000004df3150 code [0x0000000004df32a0, 0x0000000004df33b0]
Event: 1579.515 Thread 0x00000000167e6000 nmethod 13628 0x0000000003cb5050 code [0x0000000003cb5500, 0x0000000003cb7c40]
Event: 1579.515 Thread 0x00000000167e6000 13599  s!   4       com.sun.tools.javac.file.ZipFileIndex::getFiles (46 bytes)
Event: 1579.537 Thread 0x00000000167e6000 nmethod 13599 0x0000000003cb21d0 code [0x0000000003cb2380, 0x0000000003cb3048]
Event: 1579.552 Thread 0x00000000167df000 nmethod 13579 0x0000000004bdd510 code [0x0000000004bdd920, 0x0000000004be0b40]
Event: 1579.556 Thread 0x00000000167ea800 13649   !   3       com.sun.tools.javac.file.JavacFileManager::listContainer (94 bytes)
Event: 1579.558 Thread 0x00000000167ea800 nmethod 13649 0x0000000004bdb850 code [0x0000000004bdbae0, 0x0000000004bdcd48]

GC Heap History (10 events):
Event: 45.237 GC heap after
Heap after GC invocations=18 (full 3):
 PSYoungGen      total 139264K, used 12694K [0x00000000e0000000, 0x00000000eba00000, 0x0000000100000000)
  eden space 126464K, 0% used [0x00000000e0000000,0x00000000e0000000,0x00000000e7b80000)
  from space 12800K, 99% used [0x00000000e7b80000,0x00000000e87e59c0,0x00000000e8800000)
  to   space 14336K, 0% used [0x00000000eac00000,0x00000000eac00000,0x00000000eba00000)
 ParOldGen       total 128512K, used 33692K [0x00000000a0000000, 0x00000000a7d80000, 0x00000000e0000000)
  object space 128512K, 26% used [0x00000000a0000000,0x00000000a20e73c0,0x00000000a7d80000)
 Metaspace       used 63821K, capacity 65558K, committed 65688K, reserved 1105920K
  class space    used 8598K, capacity 9026K, committed 9120K, reserved 1048576K
}
Event: 53.452 GC heap before
{Heap before GC invocations=19 (full 3):
 PSYoungGen      total 139264K, used 139158K [0x00000000e0000000, 0x00000000eba00000, 0x0000000100000000)
  eden space 126464K, 100% used [0x00000000e0000000,0x00000000e7b80000,0x00000000e7b80000)
  from space 12800K, 99% used [0x00000000e7b80000,0x00000000e87e59c0,0x00000000e8800000)
  to   space 14336K, 0% used [0x00000000eac00000,0x00000000eac00000,0x00000000eba00000)
 ParOldGen       total 128512K, used 33692K [0x00000000a0000000, 0x00000000a7d80000, 0x00000000e0000000)
  object space 128512K, 26% used [0x00000000a0000000,0x00000000a20e73c0,0x00000000a7d80000)
 Metaspace       used 69187K, capacity 70971K, committed 71064K, reserved 1110016K
  class space    used 9337K, capacity 9799K, committed 9888K, reserved 1048576K
Event: 53.483 GC heap after
Heap after GC invocations=19 (full 3):
 PSYoungGen      total 172544K, used 14318K [0x00000000e0000000, 0x00000000ebd80000, 0x0000000100000000)
  eden space 158208K, 0% used [0x00000000e0000000,0x00000000e0000000,0x00000000e9a80000)
  from space 14336K, 99% used [0x00000000eac00000,0x00000000eb9fba88,0x00000000eba00000)
  to   space 17920K, 0% used [0x00000000e9a80000,0x00000000e9a80000,0x00000000eac00000)
 ParOldGen       total 128512K, used 39050K [0x00000000a0000000, 0x00000000a7d80000, 0x00000000e0000000)
  object space 128512K, 30% used [0x00000000a0000000,0x00000000a26228c0,0x00000000a7d80000)
 Metaspace       used 69187K, capacity 70971K, committed 71064K, reserved 1110016K
  class space    used 9337K, capacity 9799K, committed 9888K, reserved 1048576K
}
Event: 92.765 GC heap before
{Heap before GC invocations=20 (full 3):
 PSYoungGen      total 172544K, used 172526K [0x00000000e0000000, 0x00000000ebd80000, 0x0000000100000000)
  eden space 158208K, 100% used [0x00000000e0000000,0x00000000e9a80000,0x00000000e9a80000)
  from space 14336K, 99% used [0x00000000eac00000,0x00000000eb9fba88,0x00000000eba00000)
  to   space 17920K, 0% used [0x00000000e9a80000,0x00000000e9a80000,0x00000000eac00000)
 ParOldGen       total 128512K, used 39050K [0x00000000a0000000, 0x00000000a7d80000, 0x00000000e0000000)
  object space 128512K, 30% used [0x00000000a0000000,0x00000000a26228c0,0x00000000a7d80000)
 Metaspace       used 79434K, capacity 82111K, committed 82200K, reserved 1120256K
  class space    used 10716K, capacity 11287K, committed 11296K, reserved 1048576K
Event: 92.821 GC heap after
Heap after GC invocations=20 (full 3):
 PSYoungGen      total 176128K, used 13254K [0x00000000e0000000, 0x00000000ed500000, 0x0000000100000000)
  eden space 158208K, 0% used [0x00000000e0000000,0x00000000e0000000,0x00000000e9a80000)
  from space 17920K, 73% used [0x00000000e9a80000,0x00000000ea771800,0x00000000eac00000)
  to   space 18432K, 0% used [0x00000000ec300000,0x00000000ec300000,0x00000000ed500000)
 ParOldGen       total 128512K, used 52794K [0x00000000a0000000, 0x00000000a7d80000, 0x00000000e0000000)
  object space 128512K, 41% used [0x00000000a0000000,0x00000000a338e998,0x00000000a7d80000)
 Metaspace       used 79434K, capacity 82111K, committed 82200K, reserved 1120256K
  class space    used 10716K, capacity 11287K, committed 11296K, reserved 1048576K
}
Event: 1512.113 GC heap before
{Heap before GC invocations=21 (full 3):
 PSYoungGen      total 176128K, used 171462K [0x00000000e0000000, 0x00000000ed500000, 0x0000000100000000)
  eden space 158208K, 100% used [0x00000000e0000000,0x00000000e9a80000,0x00000000e9a80000)
  from space 17920K, 73% used [0x00000000e9a80000,0x00000000ea771800,0x00000000eac00000)
  to   space 18432K, 0% used [0x00000000ec300000,0x00000000ec300000,0x00000000ed500000)
 ParOldGen       total 128512K, used 52794K [0x00000000a0000000, 0x00000000a7d80000, 0x00000000e0000000)
  object space 128512K, 41% used [0x00000000a0000000,0x00000000a338e998,0x00000000a7d80000)
 Metaspace       used 85965K, capacity 88997K, committed 89240K, reserved 1126400K
  class space    used 11440K, capacity 12072K, committed 12192K, reserved 1048576K
Event: 1512.248 GC heap after
Heap after GC invocations=21 (full 3):
 PSYoungGen      total 171520K, used 17414K [0x00000000e0000000, 0x00000000ed480000, 0x0000000100000000)
  eden space 153600K, 0% used [0x00000000e0000000,0x00000000e0000000,0x00000000e9600000)
  from space 17920K, 97% used [0x00000000ec300000,0x00000000ed401998,0x00000000ed480000)
  to   space 20480K, 0% used [0x00000000eac80000,0x00000000eac80000,0x00000000ec080000)
 ParOldGen       total 128512K, used 52802K [0x00000000a0000000, 0x00000000a7d80000, 0x00000000e0000000)
  object space 128512K, 41% used [0x00000000a0000000,0x00000000a3390998,0x00000000a7d80000)
 Metaspace       used 85965K, capacity 88997K, committed 89240K, reserved 1126400K
  class space    used 11440K, capacity 12072K, committed 12192K, reserved 1048576K
}
Event: 1578.051 GC heap before
{Heap before GC invocations=22 (full 3):
 PSYoungGen      total 171520K, used 171014K [0x00000000e0000000, 0x00000000ed480000, 0x0000000100000000)
  eden space 153600K, 100% used [0x00000000e0000000,0x00000000e9600000,0x00000000e9600000)
  from space 17920K, 97% used [0x00000000ec300000,0x00000000ed401998,0x00000000ed480000)
  to   space 20480K, 0% used [0x00000000eac80000,0x00000000eac80000,0x00000000ec080000)
 ParOldGen       total 128512K, used 52802K [0x00000000a0000000, 0x00000000a7d80000, 0x00000000e0000000)
  object space 128512K, 41% used [0x00000000a0000000,0x00000000a3390998,0x00000000a7d80000)
 Metaspace       used 93346K, capacity 96485K, committed 96792K, reserved 1132544K
  class space    used 12346K, capacity 12996K, committed 13088K, reserved 1048576K
Event: 1578.098 GC heap after
Heap after GC invocations=22 (full 3):
 PSYoungGen      total 169472K, used 20449K [0x00000000e0000000, 0x00000000ec380000, 0x0000000100000000)
  eden space 148992K, 0% used [0x00000000e0000000,0x00000000e0000000,0x00000000e9180000)
  from space 20480K, 99% used [0x00000000eac80000,0x00000000ec078650,0x00000000ec080000)
  to   space 3072K, 0% used [0x00000000ec080000,0x00000000ec080000,0x00000000ec380000)
 ParOldGen       total 128512K, used 54556K [0x00000000a0000000, 0x00000000a7d80000, 0x00000000e0000000)
  object space 128512K, 42% used [0x00000000a0000000,0x00000000a3547380,0x00000000a7d80000)
 Metaspace       used 93346K, capacity 96485K, committed 96792K, reserved 1132544K
  class space    used 12346K, capacity 12996K, committed 13088K, reserved 1048576K
}
Event: 1579.914 GC heap before
{Heap before GC invocations=23 (full 3):
 PSYoungGen      total 169472K, used 103067K [0x00000000e0000000, 0x00000000ec380000, 0x0000000100000000)
  eden space 148992K, 55% used [0x00000000e0000000,0x00000000e50ae9a0,0x00000000e9180000)
  from space 20480K, 99% used [0x00000000eac80000,0x00000000ec078650,0x00000000ec080000)
  to   space 3072K, 0% used [0x00000000ec080000,0x00000000ec080000,0x00000000ec380000)
 ParOldGen       total 128512K, used 54556K [0x00000000a0000000, 0x00000000a7d80000, 0x00000000e0000000)
  object space 128512K, 42% used [0x00000000a0000000,0x00000000a3547380,0x00000000a7d80000)
 Metaspace       used 95373K, capacity 98475K, committed 98600K, reserved 1134592K
  class space    used 12548K, capacity 13193K, committed 13216K, reserved 1048576K

Deoptimization events (10 events):
Event: 1579.264 Thread 0x000000001f18a800 Uncommon trap: reason=class_check action=maybe_recompile pc=0x0000000003d5df88 method=com.sun.tools.javac.util.List.prependList(Lcom/sun/tools/javac/util/List;)Lcom/sun/tools/javac/util/List; @ 1
Event: 1579.264 Thread 0x000000001f18a800 Uncommon trap: reason=class_check action=maybe_recompile pc=0x0000000003d5df88 method=com.sun.tools.javac.util.List.prependList(Lcom/sun/tools/javac/util/List;)Lcom/sun/tools/javac/util/List; @ 1
Event: 1579.302 Thread 0x000000001f18a800 Uncommon trap: reason=class_check action=maybe_recompile pc=0x00000000037d9b78 method=com.sun.tools.javac.tree.JCTree$JCLiteral.accept(Lcom/sun/tools/javac/tree/JCTree$Visitor;)V @ 2
Event: 1579.303 Thread 0x000000001f18a800 Uncommon trap: reason=unstable_if action=reinterpret pc=0x0000000004f270c4 method=com.sun.tools.javac.comp.Check.checkType(Lcom/sun/tools/javac/util/JCDiagnostic$DiagnosticPosition;Lcom/sun/tools/javac/code/Type;Lcom/sun/tools/javac/code/Type;Lcom/sun/too
Event: 1579.303 Thread 0x000000001f18a800 Uncommon trap: reason=class_check action=maybe_recompile pc=0x00000000037d9b78 method=com.sun.tools.javac.tree.JCTree$JCLiteral.accept(Lcom/sun/tools/javac/tree/JCTree$Visitor;)V @ 2
Event: 1579.303 Thread 0x000000001f18a800 Uncommon trap: reason=unstable_if action=reinterpret pc=0x0000000003e57690 method=com.sun.tools.javac.comp.Check.checkType(Lcom/sun/tools/javac/util/JCDiagnostic$DiagnosticPosition;Lcom/sun/tools/javac/code/Type;Lcom/sun/tools/javac/code/Type;Lcom/sun/too
Event: 1579.304 Thread 0x000000001f18a800 Uncommon trap: reason=class_check action=maybe_recompile pc=0x00000000037d9b78 method=com.sun.tools.javac.tree.JCTree$JCLiteral.accept(Lcom/sun/tools/javac/tree/JCTree$Visitor;)V @ 2
Event: 1579.304 Thread 0x000000001f18a800 Uncommon trap: reason=class_check action=maybe_recompile pc=0x00000000037d9b78 method=com.sun.tools.javac.tree.JCTree$JCLiteral.accept(Lcom/sun/tools/javac/tree/JCTree$Visitor;)V @ 2
Event: 1579.447 Thread 0x000000001f18a800 Uncommon trap: reason=null_assert action=make_not_entrant pc=0x00000000030e5cfc method=java.util.zip.ZipEntry.<init>(Ljava/util/zip/ZipEntry;)V @ 70
Event: 1579.556 Thread 0x000000001f18a800 Uncommon trap: reason=unstable_if action=reinterpret pc=0x0000000004bdf5b0 method=com.sun.tools.javac.util.BaseFileManager.getKind(Ljava/lang/String;)Ljavax/tools/JavaFileObject$Kind; @ 10

Classes redefined (0 events):
No events

Internal exceptions (10 events):
Event: 95.722 Thread 0x0000000019782000 Exception <a 'java/lang/NoSuchMethodError': <clinit>> (0x00000000e3c51fc0) thrown at [D:\src\AOSP-openjdk-cygwin\jdk8u\hotspot\src\share\vm\prims\jni.cpp, line 1613]
Event: 95.727 Thread 0x0000000019782000 Exception <a 'java/lang/NoSuchMethodError': <clinit>> (0x00000000e3c6b658) thrown at [D:\src\AOSP-openjdk-cygwin\jdk8u\hotspot\src\share\vm\prims\jni.cpp, line 1613]
Event: 95.729 Thread 0x0000000019782000 Exception <a 'java/lang/NoSuchMethodError': <clinit>> (0x00000000e3c7b948) thrown at [D:\src\AOSP-openjdk-cygwin\jdk8u\hotspot\src\share\vm\prims\jni.cpp, line 1613]
Event: 1502.900 Thread 0x000000001f17e800 Implicit null exception at 0x0000000004a58e28 to 0x0000000004a5e6b9
Event: 1505.996 Thread 0x000000001f17e800 Exception <a 'sun/nio/fs/WindowsException'> (0x00000000e60aedf8) thrown at [D:\src\AOSP-openjdk-cygwin\jdk8u\hotspot\src\share\vm\prims\jni.cpp, line 709]
Event: 1513.827 Thread 0x000000001f17e800 Implicit null exception at 0x0000000003e578de to 0x0000000003e57a61
Event: 1514.339 Thread 0x000000001f17e800 Implicit null exception at 0x0000000004ec7f73 to 0x0000000004ec86c3
Event: 1524.557 Thread 0x000000001f17e800 Exception <a 'java/lang/NoSuchMethodError': java.lang.Object.lambda$negate$1(Ljava/lang/Object;)Z> (0x00000000e497a2f0) thrown at [D:\src\AOSP-openjdk-cygwin\jdk8u\hotspot\src\share\vm\interpreter\linkResolver.cpp, line 584]
Event: 1554.943 Thread 0x000000001cf2c000 Exception <a 'java/lang/InterruptedException'> (0x00000000e7349478) thrown at [D:\src\AOSP-openjdk-cygwin\jdk8u\hotspot\src\share\vm\runtime\objectMonitor.cpp, line 1684]
Event: 1575.917 Thread 0x000000001f18a800 Implicit null exception at 0x00000000044919a5 to 0x0000000004491e51

Events (10 events):
Event: 1579.868 loading class kotlin/io/FileTreeWalk done
Event: 1579.869 loading class kotlin/sequences/Sequence
Event: 1579.869 loading class kotlin/sequences/Sequence done
Event: 1579.883 loading class android/databinding/tool/util/GenerationalClassUtil$load$1
Event: 1579.883 loading class android/databinding/tool/util/GenerationalClassUtil$load$1 done
Event: 1579.895 loading class kotlin/sequences/SequencesKt
Event: 1579.895 loading class kotlin/sequences/SequencesKt done
Event: 1579.907 loading class kotlin/sequences/SequencesKt___SequencesKt
Event: 1579.907 loading class kotlin/sequences/SequencesKt___SequencesKt done
Event: 1579.913 Executing VM operation: CollectForMetadataAllocation


Dynamic libraries:
0x00007ff7c0030000 - 0x00007ff7c0061000 	T:\programy\AndroidStudio\jre\bin\java.exe
0x00007ffc97810000 - 0x00007ffc979f1000 	C:\WINDOWS\SYSTEM32\ntdll.dll
0x00007ffc75860000 - 0x00007ffc75872000 	C:\Program Files\AVG\Antivirus\aswhook.dll
0x00007ffc96890000 - 0x00007ffc96941000 	C:\WINDOWS\System32\KERNEL32.DLL
0x00007ffc945b0000 - 0x00007ffc94823000 	C:\WINDOWS\System32\KERNELBASE.dll
0x00007ffc967e0000 - 0x00007ffc96881000 	C:\WINDOWS\System32\ADVAPI32.dll
0x00007ffc973f0000 - 0x00007ffc9748e000 	C:\WINDOWS\System32\msvcrt.dll
0x00007ffc96330000 - 0x00007ffc9638b000 	C:\WINDOWS\System32\sechost.dll
0x00007ffc96ce0000 - 0x00007ffc96e04000 	C:\WINDOWS\System32\RPCRT4.dll
0x00007ffc97260000 - 0x00007ffc973f0000 	C:\WINDOWS\System32\USER32.dll
0x00007ffc94c20000 - 0x00007ffc94c40000 	C:\WINDOWS\System32\win32u.dll
0x00007ffc96cb0000 - 0x00007ffc96cd8000 	C:\WINDOWS\System32\GDI32.dll
0x00007ffc948d0000 - 0x00007ffc94a61000 	C:\WINDOWS\System32\gdi32full.dll
0x00007ffc94830000 - 0x00007ffc948cf000 	C:\WINDOWS\System32\msvcp_win.dll
0x00007ffc94b20000 - 0x00007ffc94c18000 	C:\WINDOWS\System32\ucrtbase.dll
0x00007ffc8aab0000 - 0x00007ffc8ad19000 	C:\WINDOWS\WinSxS\amd64_microsoft.windows.common-controls_6595b64144ccf1df_6.0.17134.829_none_fb46a5473061b9d5\COMCTL32.dll
0x00007ffc96f30000 - 0x00007ffc97252000 	C:\WINDOWS\System32\combase.dll
0x00007ffc94530000 - 0x00007ffc945aa000 	C:\WINDOWS\System32\bcryptPrimitives.dll
0x00007ffc97560000 - 0x00007ffc9758d000 	C:\WINDOWS\System32\IMM32.DLL
0x00007ffc935b0000 - 0x00007ffc935e6000 	C:\WINDOWS\system32\DriverStore\FileRepository\nvsmi.inf_amd64_092a08b666958864\nvinitx.dll
0x00007ffc935a0000 - 0x00007ffc935aa000 	C:\WINDOWS\SYSTEM32\VERSION.dll
0x00007ffc94e50000 - 0x00007ffc96290000 	C:\WINDOWS\System32\Shell32.dll
0x00007ffc93be0000 - 0x00007ffc93c29000 	C:\WINDOWS\System32\cfgmgr32.dll
0x00007ffc96e20000 - 0x00007ffc96ec9000 	C:\WINDOWS\System32\shcore.dll
0x00007ffc93c30000 - 0x00007ffc9433d000 	C:\WINDOWS\System32\windows.storage.dll
0x00007ffc96bd0000 - 0x00007ffc96c21000 	C:\WINDOWS\System32\shlwapi.dll
0x00007ffc93b20000 - 0x00007ffc93b31000 	C:\WINDOWS\System32\kernel.appcore.dll
0x00007ffc93b50000 - 0x00007ffc93b6f000 	C:\WINDOWS\System32\profapi.dll
0x00007ffc93b90000 - 0x00007ffc93bdc000 	C:\WINDOWS\System32\powrprof.dll
0x00007ffc93b40000 - 0x00007ffc93b4a000 	C:\WINDOWS\System32\FLTLIB.DLL
0x000000005f260000 - 0x000000005f266000 	C:\Program Files\NVIDIA Corporation\CoProcManager\_etoured.dll
0x00007ffc8f660000 - 0x00007ffc8f6a3000 	C:\Program Files\NVIDIA Corporation\CoProcManager\nvd3d9wrapx.dll
0x00007ffc96390000 - 0x00007ffc967db000 	C:\WINDOWS\System32\SETUPAPI.dll
0x00007ffc8f630000 - 0x00007ffc8f65d000 	C:\Program Files\NVIDIA Corporation\CoProcManager\nvdxgiwrapx.dll
0x000000005cf90000 - 0x000000005d062000 	T:\programy\AndroidStudio\jre\jre\bin\msvcr100.dll
0x000000005d070000 - 0x000000005d8b1000 	T:\programy\AndroidStudio\jre\jre\bin\server\jvm.dll
0x00007ffc96e10000 - 0x00007ffc96e18000 	C:\WINDOWS\System32\PSAPI.DLL
0x00007ffc859e0000 - 0x00007ffc859e9000 	C:\WINDOWS\SYSTEM32\WSOCK32.dll
0x00007ffc975b0000 - 0x00007ffc9761c000 	C:\WINDOWS\System32\WS2_32.dll
0x00007ffc91d80000 - 0x00007ffc91da3000 	C:\WINDOWS\SYSTEM32\WINMM.dll
0x00007ffc91d50000 - 0x00007ffc91d7a000 	C:\WINDOWS\SYSTEM32\WINMMBASE.dll
0x00007ffc879f0000 - 0x00007ffc879ff000 	T:\programy\AndroidStudio\jre\jre\bin\verify.dll
0x00007ffc7f900000 - 0x00007ffc7f929000 	T:\programy\AndroidStudio\jre\jre\bin\java.dll
0x00007ffc82600000 - 0x00007ffc82616000 	T:\programy\AndroidStudio\jre\jre\bin\zip.dll
0x00007ffc82290000 - 0x00007ffc822aa000 	T:\programy\AndroidStudio\jre\jre\bin\net.dll
0x00007ffc93350000 - 0x00007ffc933b6000 	C:\WINDOWS\system32\mswsock.dll
0x00007ffc7e8d0000 - 0x00007ffc7e8e1000 	T:\programy\AndroidStudio\jre\jre\bin\nio.dll
0x00007ffc7e7f0000 - 0x00007ffc7e80e000 	C:\Users\tomas\.gradle\native\25\windows-amd64\native-platform.dll
0x00007ffc82560000 - 0x00007ffc8256d000 	T:\programy\AndroidStudio\jre\jre\bin\management.dll
0x00007ffc93500000 - 0x00007ffc93517000 	C:\WINDOWS\SYSTEM32\CRYPTSP.dll
0x00007ffc92ee0000 - 0x00007ffc92f13000 	C:\WINDOWS\system32\rsaenh.dll
0x00007ffc93680000 - 0x00007ffc936a5000 	C:\WINDOWS\SYSTEM32\bcrypt.dll
0x00007ffc93a50000 - 0x00007ffc93a78000 	C:\WINDOWS\SYSTEM32\USERENV.dll
0x00007ffc93520000 - 0x00007ffc9352b000 	C:\WINDOWS\SYSTEM32\CRYPTBASE.dll
0x00007ffc93080000 - 0x00007ffc930b8000 	C:\WINDOWS\SYSTEM32\IPHLPAPI.DLL
0x00007ffc94e40000 - 0x00007ffc94e48000 	C:\WINDOWS\System32\NSI.dll
0x00007ffc8aa50000 - 0x00007ffc8aa66000 	C:\WINDOWS\SYSTEM32\dhcpcsvc6.DLL
0x00007ffc8aa30000 - 0x00007ffc8aa4a000 	C:\WINDOWS\SYSTEM32\dhcpcsvc.DLL
0x00007ffc7c720000 - 0x00007ffc7c744000 	T:\programy\AndroidStudio\jre\jre\bin\sunec.dll
0x00007ffc930d0000 - 0x00007ffc9318e000 	C:\WINDOWS\SYSTEM32\DNSAPI.dll
0x000000005de40000 - 0x000000005de4a000 	C:\Program Files\National Instruments\Shared\mDNS Responder\nimdnsNSP.dll
0x000000005de30000 - 0x000000005de40000 	C:\WINDOWS\SYSTEM32\nimdnsResponder.dll
0x00007ffc819f0000 - 0x00007ffc81a06000 	C:\WINDOWS\SYSTEM32\VCRUNTIME140.dll
0x00007ffc879c0000 - 0x00007ffc879ca000 	C:\Windows\System32\rasadhlp.dll
0x00007ffc8a010000 - 0x00007ffc8a082000 	C:\WINDOWS\System32\fwpuclnt.dll
0x00007ffc82420000 - 0x00007ffc8242b000 	T:\programy\AndroidStudio\jre\jre\bin\sunmscapi.dll
0x0000000020bb0000 - 0x0000000020d92000 	C:\WINDOWS\System32\CRYPT32.dll
0x00007ffc93b70000 - 0x00007ffc93b82000 	C:\WINDOWS\System32\MSASN1.dll
0x00007ffc7c5a0000 - 0x00007ffc7c5be000 	C:\Users\tomas\AppData\Local\Temp\native-platform5462392448816984958dir\native-platform.dll
0x00007ffc84560000 - 0x00007ffc84729000 	C:\WINDOWS\SYSTEM32\dbghelp.dll

VM Arguments:
jvm_args: -Xmx1536m -Dfile.encoding=windows-1250 -Duser.country=PL -Duser.language=pl -Duser.variant 
java_command: org.gradle.launcher.daemon.bootstrap.GradleDaemon 4.10.1
java_class_path (initial): C:\Users\tomas\.gradle\wrapper\dists\gradle-4.10.1-all\455itskqi2qtf0v2sja68alqd\gradle-4.10.1\lib\gradle-launcher-4.10.1.jar
Launcher Type: SUN_STANDARD

Environment Variables:
PATH=C:\ProgramData\Oracle\Java\javapath;C:\Program Files\NVIDIA GPU Computing Toolkit\CUDA\v9.0\bin;C:\Program Files\NVIDIA GPU Computing Toolkit\CUDA\v9.0\libnvvp;C:\Program Files\NVIDIA GPU Computing Toolkit\CUDA\v9.1\bin;C:\Program Files\NVIDIA GPU Computing Toolkit\CUDA\v9.1\libnvvp;C:\WINDOWS\system32;C:\WINDOWS;C:\WINDOWS\System32\Wbem;C:\WINDOWS\System32\WindowsPowerShell\v1.0\;C:\Program Files (x86)\NVIDIA Corporation\PhysX\Common;T:\Programy\Git\cmd;T:\Programy\MATLAB\R2018a\bin;C:\WINDOWS\system32;C:\WINDOWS;C:\WINDOWS\System32\Wbem;C:\WINDOWS\System32\WindowsPowerShell\v1.0\;C:\WINDOWS\System32\OpenSSH\;C:\Program Files\MySQL\MySQL Server 8.0\bin;T:\programy\Putty\;C:\Program Files (x86)\National Instruments\Shared\LabVIEW CLI;C:\Python\Python37\Scripts\;C:\Python\Python37\;T:\Programy\Python\Scripts\;T:\Programy\Python\;C:\Users\tomas\AppData\Local\Microsoft\WindowsApps;T:\programy\heroku\bin
USERNAME=tomas
OS=Windows_NT
PROCESSOR_IDENTIFIER=Intel64 Family 6 Model 42 Stepping 7, GenuineIntel



---------------  S Y S T E M  ---------------

OS: Windows 10.0 , 64 bit Build 17134 (10.0.17134.753)

CPU:total 4 (initial active 4) (2 cores per cpu, 2 threads per core) family 6 model 42 stepping 7, cmov, cx8, fxsr, mmx, sse, sse2, sse3, ssse3, sse4.1, sse4.2, popcnt, avx, aes, clmul, ht, tsc, tscinvbit

Memory: 4k page, physical 8300084k(2478608k free), swap 9807412k(2280704k free)

vm_info: OpenJDK 64-Bit Server VM (25.152-b01) for windows-amd64 JRE (1.8.0_152-release-1248-b01), built by "builder" with MS VC++ 10.0 (VS2010)

time: Sat Jul 20 14:09:54 2019
elapsed time: 1580 seconds (0d 0h 26m 20s)

